
/home/runner/work/exp-resistance-diode-iitb/exp-resistance-diode-iitb/experiment/simulation/common_libraries/js/ts_components/collapse_step.js
   1:10  warning  'show_step' is defined but never used                 no-unused-vars
   2:5   warning  '$' is not defined                                    no-undef
   3:9   warning  '$' is not defined                                    no-undef
   6:10  warning  'hide_step' is defined but never used                 no-unused-vars
   7:5   warning  '$' is not defined                                    no-undef
   8:9   warning  '$' is not defined                                    no-undef
  11:10  warning  'get_collapse_btn_text' is defined but never used     no-unused-vars
  20:10  warning  'get_collapse_btn_element' is defined but never used  no-unused-vars
  29:10  warning  'hide_all_steps' is defined but never used            no-unused-vars
  31:9   warning  '$' is not defined                                    no-undef

/home/runner/work/exp-resistance-diode-iitb/exp-resistance-diode-iitb/experiment/simulation/common_libraries/js/ts_components/matrix.js
   27:26  warning  'MathJax' is not defined                                no-undef
   32:7   warning  'Matrix_Without_String' is defined but never used       no-unused-vars
   52:26  warning  'MathJax' is not defined                                no-undef
   56:10  warning  'get_matrix_html' is defined but never used             no-unused-vars
   87:13  warning  'row_html' is assigned a value but never used           no-unused-vars
   99:10  warning  'get_matrix_html_with_title' is defined but never used  no-unused-vars
  131:13  warning  'row_html' is assigned a value but never used           no-unused-vars
  143:10  warning  'convert_2d_to_1d_vector' is defined but never used     no-unused-vars
  156:10  warning  'convert_1d_to_2d_matrix' is defined but never used     no-unused-vars

/home/runner/work/exp-resistance-diode-iitb/exp-resistance-diode-iitb/experiment/simulation/common_libraries/js/ts_components/pannel.js
  8:7  warning  'Pannel' is defined but never used  no-unused-vars

/home/runner/work/exp-resistance-diode-iitb/exp-resistance-diode-iitb/experiment/simulation/common_libraries/js/ts_components/questions.js
   6:17  warning  'op1' is assigned a value but never used      no-unused-vars
   7:17  warning  'op2' is assigned a value but never used      no-unused-vars
   8:17  warning  'op3' is assigned a value but never used      no-unused-vars
   9:17  warning  'op4' is assigned a value but never used      no-unused-vars
  94:7   warning  'Question_Options' is defined but never used  no-unused-vars

/home/runner/work/exp-resistance-diode-iitb/exp-resistance-diode-iitb/experiment/simulation/common_libraries/js/ts_components/tables.js
   19:22  warning  'verify_values' is not defined                                     no-undef
  137:22  warning  'verify_values' is not defined                                     no-undef
  260:7   warning  'Verify_Rows_Cols_6_decimal_places' is defined but never used      no-unused-vars
  311:22  warning  'verify_values' is not defined                                     no-undef
  416:7   warning  'Verify_Rows_Cols_Custom_Fixed_Update1' is defined but never used  no-unused-vars
  468:7   warning  'Show_Table_Custom_Fixed' is defined but never used                no-unused-vars
  506:7   warning  'Verify_Rows_Cols_Strings' is defined but never used               no-unused-vars
  527:22  warning  'verify_values' is not defined                                     no-undef
  663:7   warning  'Display_Table' is defined but never used                          no-unused-vars

/home/runner/work/exp-resistance-diode-iitb/exp-resistance-diode-iitb/experiment/simulation/common_libraries/js/ts_math_library/general_math_functions.js
    1:10  warning  'verify_values' is defined but never used                   no-unused-vars
   17:10  warning  'random1' is defined but never used                         no-unused-vars
   21:10  warning  'std_deviation' is defined but never used                   no-unused-vars
   26:10  warning  'gauss' is defined but never used                           no-unused-vars
   56:10  warning  'hide_panel' is defined but never used                      no-unused-vars
   63:10  warning  'inverse_matrix' is defined but never used                  no-unused-vars
   96:10  warning  'matrix_multiplication' is defined but never used           no-unused-vars
  113:10  warning  'transpose_matrix' is defined but never used                no-unused-vars
  123:10  warning  'matrix_multiplication_8decimal' is defined but never used  no-unused-vars
  140:10  warning  'adjoint_2x2_matrix' is defined but never used              no-unused-vars
  145:10  warning  'find_deteminant' is defined but never used                 no-unused-vars
  174:10  warning  'get_Submatrix' is defined but never used                   no-unused-vars

/home/runner/work/exp-resistance-diode-iitb/exp-resistance-diode-iitb/experiment/simulation/common_libraries/js/ts_math_library/regression.js
   1:10  warning  'regression_linear' is defined but never used            no-unused-vars
  18:10  warning  'regression_linear_1variable' is defined but never used  no-unused-vars
  27:10  warning  'regression_linear_2variable' is defined but never used  no-unused-vars
  52:11  warning  'gauss' is not defined                                   no-undef

/home/runner/work/exp-resistance-diode-iitb/exp-resistance-diode-iitb/experiment/simulation/common_libraries/math.ob.js
  1:745  warning  'b' is already defined  no-redeclare

/home/runner/work/exp-resistance-diode-iitb/exp-resistance-diode-iitb/experiment/simulation/js/activity1.js
    8:14   warning  'Pannel' is not defined                                no-undef
   14:10   warning  'start_act1' is defined but never used                 no-unused-vars
   21:10   warning  'move_to_activity3' is defined but never used          no-unused-vars
   24:5    warning  'activity2' is not defined                             no-undef
   33:5    warning  'global_score' is assigned a value but never used      no-unused-vars
   34:5    warning  'a1_panel' is defined but never used                   no-unused-vars
   35:5    warning  'all_text_content' is assigned a value but never used  no-unused-vars
   36:5    warning  'canvas_box_scale' is already defined                  no-redeclare
   36:5    warning  'canvas_box_scale' is assigned a value but never used  no-unused-vars
   39:5    warning  'a1_scene' is defined but never used                   no-unused-vars
   46:5    warning  'display_score' is defined but never used              no-unused-vars
   47:5    warning  'timer1' is assigned a value but never used            no-unused-vars
   62:17   warning  'Scene' is not defined                                 no-undef
   67:27   warning  'bootstrap' is not defined                             no-undef
  103:18   warning  'Chemistry' is not defined                             no-undef
  103:42   warning  'diode' is not defined                                 no-undef
  103:53   warning  'Chemistry' is not defined                             no-undef
  106:9    warning  'sq' is already defined                                no-redeclare
  106:18   warning  'Chemistry' is not defined                             no-undef
  106:42   warning  'milliammeter' is not defined                          no-undef
  106:60   warning  'Chemistry' is not defined                             no-undef
  109:9    warning  'sq' is already defined                                no-redeclare
  109:18   warning  'Chemistry' is not defined                             no-undef
  109:42   warning  'voltmeter' is not defined                             no-undef
  109:57   warning  'Chemistry' is not defined                             no-undef
  162:25   warning  'Chemistry' is not defined                             no-undef
  162:50   warning  'Chemistry' is not defined                             no-undef
  173:10   warning  'diode' is not defined                                 no-undef
  173:17   warning  'diode' is not defined                                 no-undef
  174:10   warning  'milliammeter' is not defined                          no-undef
  174:24   warning  'milliammeter' is not defined                          no-undef
  175:10   warning  'voltmeter' is not defined                             no-undef
  175:21   warning  'voltmeter' is not defined                             no-undef
  178:13   warning  'Chemistry' is not defined                             no-undef
  178:45   warning  'Chemistry' is not defined                             no-undef
  179:13   warning  'Chemistry' is not defined                             no-undef
  179:52   warning  'Chemistry' is not defined                             no-undef
  180:13   warning  'Chemistry' is not defined                             no-undef
  180:49   warning  'Chemistry' is not defined                             no-undef
  188:12   warning  Unexpected constant condition                          no-constant-condition
  210:49   warning  'Chemistry' is not defined                             no-undef
  213:39   warning  'bootstrap' is not defined                             no-undef
  245:30   warning  'Chemistry' is not defined                             no-undef
  245:73   warning  'Chemistry' is not defined                             no-undef
  273:13   warning  'bsOffcanvas' is already defined                       no-redeclare
  273:31   warning  'bootstrap' is not defined                             no-undef
  275:30   warning  'Chemistry' is not defined                             no-undef
  275:118  warning  'Chemistry' is not defined                             no-undef
  318:24   warning  'activity3' is not defined                             no-undef

/home/runner/work/exp-resistance-diode-iitb/exp-resistance-diode-iitb/experiment/simulation/js/activity2.js
   11:5    warning  'timeOutId' is defined but never used        no-unused-vars
   15:10   warning  'activity2' is defined but never used        no-unused-vars
   16:5    warning  'pp' is not defined                          no-undef
   17:5    warning  'pp' is not defined                          no-undef
   18:5    warning  'pp' is not defined                          no-undef
   19:5    warning  'pp' is not defined                          no-undef
   55:5    warning  'pp' is not defined                          no-undef
   57:5    warning  'pp' is not defined                          no-undef
   58:5    warning  'canvas' is not defined                      no-undef
   58:14   warning  'pp' is not defined                          no-undef
   59:5    warning  'context' is not defined                     no-undef
   59:15   warning  'canvas' is not defined                      no-undef
   60:5    warning  'canvas' is not defined                      no-undef
   61:5    warning  'rect' is not defined                        no-undef
   61:12   warning  'canvas' is not defined                      no-undef
   62:5    warning  'scene' is not defined                       no-undef
   62:17   warning  'Scene' is not defined                       no-undef
   63:25   warning  'Chemistry' is not defined                   no-undef
   63:49   warning  'forward_bias_setup' is not defined          no-undef
   63:73   warning  'Chemistry' is not defined                   no-undef
   63:124  warning  'canvas' is not defined                      no-undef
   64:5    warning  'scene' is not defined                       no-undef
   65:5    warning  'scene' is not defined                       no-undef
   70:5    warning  'pp' is not defined                          no-undef
   71:5    warning  'show_panel' is not defined                  no-undef
   84:5    warning  'scene' is not defined                       no-undef
   87:5    warning  'canvas' is not defined                      no-undef
   88:5    warning  'canvas' is not defined                      no-undef
   88:23   warning  'canvas' is not defined                      no-undef
   89:5    warning  'lscale' is not defined                      no-undef
   89:14   warning  'canvas' is not defined                      no-undef
   91:9    warning  'canvas' is not defined                      no-undef
   95:5    warning  'context' is not defined                     no-undef
   95:26   warning  'canvas' is not defined                      no-undef
   96:5    warning  'context' is not defined                     no-undef
   99:5    warning  'pp' is not defined                          no-undef
  106:5    warning  'pp' is not defined                          no-undef
  108:10   warning  'diode_selected' is defined but never used   no-unused-vars
  114:13   warning  'I' is not defined                           no-undef
  114:17   warning  'I_4148' is not defined                      no-undef
  117:13   warning  'I' is not defined                           no-undef
  117:17   warning  'I_4001' is not defined                      no-undef
  120:13   warning  'I' is not defined                           no-undef
  120:17   warning  'I_5819' is not defined                      no-undef
  123:13   warning  'I' is not defined                           no-undef
  125:9    warning  'I' is not defined                           no-undef
  137:30   warning  'V' is not defined                           no-undef
  138:30   warning  'I' is not defined                           no-undef
  141:17   warning  'I' is not defined                           no-undef
  143:5    warning  'show_panel' is not defined                  no-undef
  145:10   warning  'onVoltageChange' is defined but never used  no-unused-vars
  150:30   warning  'V' is not defined                           no-undef
  151:30   warning  'I' is not defined                           no-undef
  158:30   warning  'V' is not defined                           no-undef
  159:30   warning  'I' is not defined                           no-undef
  167:10   warning  'toggleBias' is defined but never used       no-unused-vars
  176:30   warning  'V' is not defined                           no-undef
  177:30   warning  'I' is not defined                           no-undef
  178:29   warning  'forward_bias_setup' is not defined          no-undef
  184:30   warning  'V' is not defined                           no-undef
  185:30   warning  'I' is not defined                           no-undef
  186:29   warning  'reverse_bias_setup' is not defined          no-undef
  193:5    warning  'scene' is not defined                       no-undef
  195:5    warning  'show_panel' is not defined                  no-undef
  230:5    warning  'pp' is not defined                          no-undef
  239:10   warning  'verify_reading' is defined but never used   no-unused-vars
  241:9    warning  'pp' is not defined                          no-undef
  248:9    warning  'show_panel' is not defined                  no-undef
  251:17   warning  'V' is not defined                           no-undef
  251:26   warning  'I' is not defined                           no-undef
  253:10   warning  'verify_values' is not defined               no-undef
  253:49   warning  'V' is not defined                           no-undef
  261:10   warning  'verify_values' is not defined               no-undef
  261:49   warning  'I' is not defined                           no-undef
  274:9    warning  'table_data_fb' is not defined               no-undef
  274:29   warning  'V' is not defined                           no-undef
  274:38   warning  'I' is not defined                           no-undef
  277:9    warning  'table_data_rb' is not defined               no-undef
  277:29   warning  'V' is not defined                           no-undef
  277:38   warning  'I' is not defined                           no-undef
  282:13   warning  'pp' is not defined                          no-undef
  290:13   warning  'pp' is not defined                          no-undef
  291:13   warning  'show_panel' is not defined                  no-undef
  294:13   warning  'pp' is not defined                          no-undef
  302:13   warning  'show_panel' is not defined                  no-undef
  309:9    warning  'pp' is not defined                          no-undef
  314:9    warning  'show_panel' is not defined                  no-undef
  321:29   warning  'table_data_fb' is not defined               no-undef
  322:17   warning  'table_data_fb' is not defined               no-undef
  328:29   warning  'table_data_rb' is not defined               no-undef
  329:17   warning  'table_data_rb' is not defined               no-undef

/home/runner/work/exp-resistance-diode-iitb/exp-resistance-diode-iitb/experiment/simulation/js/activity3.js
    7:10  warning  'activity3' is defined but never used             no-unused-vars
    8:5   warning  'pp' is not defined                               no-undef
    9:5   warning  'pp' is not defined                               no-undef
   10:5   warning  'pp' is not defined                               no-undef
   12:5   warning  'pp' is not defined                               no-undef
   13:5   warning  'pp' is not defined                               no-undef
   95:72  warning  Unnecessary escape character: \Δ                  no-useless-escape
   95:79  warning  Unnecessary escape character: \Δ                  no-useless-escape
  103:5   warning  'pp' is not defined                               no-undef
  106:5   warning  'show_panel' is not defined                       no-undef
  108:9   warning  'MathJax' is not defined                          no-undef
  112:5   warning  'I_f' is not defined                              no-undef
  112:11  warning  'I' is not defined                                no-undef
  113:5   warning  'I_r' is not defined                              no-undef
  113:11  warning  'I' is not defined                                no-undef
  114:5   warning  'del_i_f' is not defined                          no-undef
  114:15  warning  'I' is not defined                                no-undef
  114:23  warning  'I' is not defined                                no-undef
  116:10  warning  'calculation_for_plot' is defined but never used  no-unused-vars
  120:30  warning  'V' is not defined                                no-undef
  121:25  warning  'I' is not defined                                no-undef
  122:25  warning  'V' is not defined                                no-undef
  127:25  warning  'I' is not defined                                no-undef
  128:25  warning  'V' is not defined                                no-undef
  141:10  warning  'a3_verify' is defined but never used             no-unused-vars
  148:24  warning  'V_f' is not defined                              no-undef
  149:24  warning  'I_f' is not defined                              no-undef
  150:28  warning  'del_v_f' is not defined                          no-undef
  151:28  warning  'del_i_f' is not defined                          no-undef
  152:24  warning  'V_r' is not defined                              no-undef
  153:24  warning  'I_r' is not defined                              no-undef
  154:10  warning  'verify_values' is not defined                    no-undef
  154:51  warning  'V_f' is not defined                              no-undef
  163:10  warning  'verify_values' is not defined                    no-undef
  163:51  warning  'I_f' is not defined                              no-undef
  172:10  warning  'verify_values' is not defined                    no-undef
  172:55  warning  'del_v_f' is not defined                          no-undef
  181:10  warning  'verify_values' is not defined                    no-undef
  181:55  warning  'del_i_f' is not defined                          no-undef
  190:10  warning  'verify_values' is not defined                    no-undef
  190:51  warning  'V_r' is not defined                              no-undef
  199:10  warning  'verify_values' is not defined                    no-undef
  199:51  warning  'I_r' is not defined                              no-undef
  208:5   warning  'pp' is not defined                               no-undef
  212:5   warning  'show_panel' is not defined                       no-undef
  214:10  warning  'display_data_div' is defined but never used      no-unused-vars
  227:9   warning  'chart' is assigned a value but never used        no-unused-vars
  227:21  warning  'Chart' is not defined                            no-undef
  252:26  warning  'I' is not defined                                no-undef
  253:26  warning  'I' is not defined                                no-undef

/home/runner/work/exp-resistance-diode-iitb/exp-resistance-diode-iitb/experiment/simulation/js/common.js
    1:10  warning  'verify_values' is defined but never used                no-unused-vars
   18:10  warning  'std_deviation' is defined but never used                no-unused-vars
   23:10  warning  'regression_linear' is defined but never used            no-unused-vars
   40:10  warning  'ascending_random_array' is defined but never used       no-unused-vars
   42:12  warning  Unexpected constant condition                            no-constant-condition
   61:10  warning  'regression_linear_2variable' is defined but never used  no-unused-vars
  118:10  warning  'show_panel' is defined but never used                   no-unused-vars
  120:31  warning  'bootstrap' is not defined                               no-undef
  127:10  warning  'hide_panel' is defined but never used                   no-unused-vars

/home/runner/work/exp-resistance-diode-iitb/exp-resistance-diode-iitb/experiment/simulation/js/data.js
   1:5  warning  'V' is assigned a value but never used              no-unused-vars
   5:5  warning  'I_4148' is assigned a value but never used         no-unused-vars
   9:5  warning  'I_4001' is assigned a value but never used         no-unused-vars
  13:5  warning  'I_5819' is assigned a value but never used         no-unused-vars
  17:5  warning  'I' is assigned a value but never used              no-unused-vars
  18:5  warning  'table_data_fb' is assigned a value but never used  no-unused-vars
  19:5  warning  'table_data_rb' is assigned a value but never used  no-unused-vars
  34:5  warning  'V_f' is assigned a value but never used            no-unused-vars
  35:5  warning  'V_r' is assigned a value but never used            no-unused-vars
  36:5  warning  'del_v_f' is assigned a value but never used        no-unused-vars
  37:5  warning  'I_f' is defined but never used                     no-unused-vars
  38:5  warning  'I_r' is defined but never used                     no-unused-vars
  39:5  warning  'del_i_f' is defined but never used                 no-unused-vars

/home/runner/work/exp-resistance-diode-iitb/exp-resistance-diode-iitb/experiment/simulation/js/geomerty.js
   33:49   warning  'lscale' is not defined          no-undef
   34:49   warning  'lscale' is not defined          no-undef
   46:23   warning  'pt1' is defined but never used  no-unused-vars
   46:28   warning  'pt2' is defined but never used  no-unused-vars
   46:33   warning  'pt3' is defined but never used  no-unused-vars
   50:24   warning  'geo' is defined but never used  no-unused-vars
   69:44   warning  'lscale' is not defined          no-undef
   69:66   warning  'lscale' is not defined          no-undef
   69:88   warning  'lscale' is not defined          no-undef
   82:48   warning  'lscale' is not defined          no-undef
   83:48   warning  'lscale' is not defined          no-undef
  108:47   warning  'lscale' is not defined          no-undef
  108:69   warning  'lscale' is not defined          no-undef
  109:60   warning  'lscale' is not defined          no-undef
  109:95   warning  'lscale' is not defined          no-undef
  131:39   warning  'lscale' is not defined          no-undef
  131:57   warning  'lscale' is not defined          no-undef
  132:39   warning  'lscale' is not defined          no-undef
  132:57   warning  'lscale' is not defined          no-undef
  181:39   warning  'lscale' is not defined          no-undef
  181:57   warning  'lscale' is not defined          no-undef
  182:39   warning  'lscale' is not defined          no-undef
  182:57   warning  'lscale' is not defined          no-undef
  225:33   warning  'lscale' is not defined          no-undef
  226:33   warning  'lscale' is not defined          no-undef
  274:50   warning  'lscale' is not defined          no-undef
  274:72   warning  'lscale' is not defined          no-undef
  279:61   warning  'lscale' is not defined          no-undef
  279:84   warning  'lscale' is not defined          no-undef
  279:102  warning  'lscale' is not defined          no-undef
  279:120  warning  'lscale' is not defined          no-undef
  293:33   warning  'lscale' is not defined          no-undef
  294:33   warning  'lscale' is not defined          no-undef
  295:41   warning  'lscale' is not defined          no-undef
  295:64   warning  'lscale' is not defined          no-undef
  295:98   warning  'lscale' is not defined          no-undef
  295:121  warning  'lscale' is not defined          no-undef
  296:45   warning  'lscale' is not defined          no-undef
  296:68   warning  'lscale' is not defined          no-undef
  296:102  warning  'lscale' is not defined          no-undef
  296:125  warning  'lscale' is not defined          no-undef
  323:61   warning  'lscale' is not defined          no-undef
  323:90   warning  'lscale' is not defined          no-undef
  324:61   warning  'lscale' is not defined          no-undef
  324:96   warning  'lscale' is not defined          no-undef
  325:66   warning  'lscale' is not defined          no-undef
  325:101  warning  'lscale' is not defined          no-undef
  326:66   warning  'lscale' is not defined          no-undef
  326:100  warning  'lscale' is not defined          no-undef
  327:67   warning  'lscale' is not defined          no-undef
  327:101  warning  'lscale' is not defined          no-undef
  328:67   warning  'lscale' is not defined          no-undef
  328:96   warning  'lscale' is not defined          no-undef
  329:61   warning  'lscale' is not defined          no-undef
  329:90   warning  'lscale' is not defined          no-undef
  346:33   warning  'lscale' is not defined          no-undef
  347:33   warning  'lscale' is not defined          no-undef
  376:46   warning  'lscale' is not defined          no-undef
  382:50   warning  'lscale' is not defined          no-undef
  382:72   warning  'lscale' is not defined          no-undef
  411:52   warning  'lscale' is not defined          no-undef
  411:79   warning  'lscale' is not defined          no-undef
  413:56   warning  'lscale' is not defined          no-undef
  413:83   warning  'lscale' is not defined          no-undef
  450:50   warning  'lscale' is not defined          no-undef
  450:72   warning  'lscale' is not defined          no-undef
  456:61   warning  'lscale' is not defined          no-undef
  456:84   warning  'lscale' is not defined          no-undef
  456:102  warning  'lscale' is not defined          no-undef
  456:120  warning  'lscale' is not defined          no-undef
  470:33   warning  'lscale' is not defined          no-undef
  471:33   warning  'lscale' is not defined          no-undef
  472:41   warning  'lscale' is not defined          no-undef
  472:64   warning  'lscale' is not defined          no-undef
  472:98   warning  'lscale' is not defined          no-undef
  472:121  warning  'lscale' is not defined          no-undef
  473:45   warning  'lscale' is not defined          no-undef
  473:68   warning  'lscale' is not defined          no-undef
  473:102  warning  'lscale' is not defined          no-undef
  473:125  warning  'lscale' is not defined          no-undef
  502:50   warning  'lscale' is not defined          no-undef
  502:72   warning  'lscale' is not defined          no-undef
  507:139  warning  'lscale' is not defined          no-undef
  507:172  warning  'lscale' is not defined          no-undef
  507:205  warning  'lscale' is not defined          no-undef
  507:225  warning  'lscale' is not defined          no-undef
  528:50   warning  'lscale' is not defined          no-undef
  528:72   warning  'lscale' is not defined          no-undef
  533:139  warning  'lscale' is not defined          no-undef
  533:172  warning  'lscale' is not defined          no-undef
  533:205  warning  'lscale' is not defined          no-undef
  533:225  warning  'lscale' is not defined          no-undef
  555:50   warning  'lscale' is not defined          no-undef
  555:72   warning  'lscale' is not defined          no-undef
  560:133  warning  'lscale' is not defined          no-undef
  560:172  warning  'lscale' is not defined          no-undef
  560:205  warning  'lscale' is not defined          no-undef
  560:224  warning  'lscale' is not defined          no-undef
  584:39   warning  'lscale' is not defined          no-undef
  584:53   warning  'lscale' is not defined          no-undef
  585:39   warning  'lscale' is not defined          no-undef
  585:53   warning  'lscale' is not defined          no-undef
  586:39   warning  'lscale' is not defined          no-undef
  586:53   warning  'lscale' is not defined          no-undef
  587:39   warning  'lscale' is not defined          no-undef
  587:53   warning  'lscale' is not defined          no-undef
  594:36   warning  'lscale' is not defined          no-undef
  594:50   warning  'lscale' is not defined          no-undef
  594:63   warning  'lscale' is not defined          no-undef
  605:36   warning  'lscale' is not defined          no-undef
  605:50   warning  'lscale' is not defined          no-undef
  605:63   warning  'lscale' is not defined          no-undef
  632:46   warning  'lscale' is not defined          no-undef
  637:50   warning  'lscale' is not defined          no-undef
  637:72   warning  'lscale' is not defined          no-undef
  659:50   warning  'lscale' is not defined          no-undef
  659:72   warning  'lscale' is not defined          no-undef
  663:46   warning  'lscale' is not defined          no-undef
  664:46   warning  'lscale' is not defined          no-undef
  664:67   warning  'lscale' is not defined          no-undef
  665:49   warning  'lscale' is not defined          no-undef
  701:13   warning  'context' is not defined         no-undef
  702:13   warning  'context' is not defined         no-undef
  702:38   warning  'lscale' is not defined          no-undef
  702:56   warning  'lscale' is not defined          no-undef
  703:13   warning  'context' is not defined         no-undef
  703:38   warning  'lscale' is not defined          no-undef
  703:56   warning  'lscale' is not defined          no-undef
  704:13   warning  'context' is not defined         no-undef
  706:46   warning  'lscale' is not defined          no-undef
  706:65   warning  'lscale' is not defined          no-undef
  706:83   warning  'lscale' is not defined          no-undef
  706:102  warning  'lscale' is not defined          no-undef
  707:32   warning  'lscale' is not defined          no-undef
  707:58   warning  'lscale' is not defined          no-undef
  708:32   warning  'lscale' is not defined          no-undef
  708:58   warning  'lscale' is not defined          no-undef
  709:32   warning  'lscale' is not defined          no-undef
  709:58   warning  'lscale' is not defined          no-undef
  710:32   warning  'lscale' is not defined          no-undef
  710:58   warning  'lscale' is not defined          no-undef
  712:13   warning  'context' is not defined         no-undef
  713:13   warning  'context' is not defined         no-undef
  713:38   warning  'lscale' is not defined          no-undef
  713:56   warning  'lscale' is not defined          no-undef
  714:13   warning  'context' is not defined         no-undef
  715:13   warning  'context' is not defined         no-undef
  715:38   warning  'lscale' is not defined          no-undef
  715:56   warning  'lscale' is not defined          no-undef
  716:13   warning  'context' is not defined         no-undef
  717:13   warning  'context' is not defined         no-undef
  719:32   warning  'lscale' is not defined          no-undef
  719:58   warning  'lscale' is not defined          no-undef
  720:32   warning  'lscale' is not defined          no-undef
  720:58   warning  'lscale' is not defined          no-undef
  721:32   warning  'lscale' is not defined          no-undef
  721:58   warning  'lscale' is not defined          no-undef
  722:32   warning  'lscale' is not defined          no-undef
  722:58   warning  'lscale' is not defined          no-undef
  724:13   warning  'context' is not defined         no-undef
  725:13   warning  'context' is not defined         no-undef
  725:38   warning  'lscale' is not defined          no-undef
  725:56   warning  'lscale' is not defined          no-undef
  726:13   warning  'context' is not defined         no-undef
  727:13   warning  'context' is not defined         no-undef
  727:38   warning  'lscale' is not defined          no-undef
  727:56   warning  'lscale' is not defined          no-undef
  728:13   warning  'context' is not defined         no-undef
  729:13   warning  'context' is not defined         no-undef
  746:50   warning  'lscale' is not defined          no-undef
  746:72   warning  'lscale' is not defined          no-undef
  762:38   warning  'lscale' is not defined          no-undef
  762:51   warning  'lscale' is not defined          no-undef
  764:38   warning  'lscale' is not defined          no-undef
  766:38   warning  'lscale' is not defined          no-undef
  766:52   warning  'lscale' is not defined          no-undef
  796:43   warning  'lscale' is not defined          no-undef
  796:61   warning  'lscale' is not defined          no-undef
  797:43   warning  'lscale' is not defined          no-undef
  797:61   warning  'lscale' is not defined          no-undef

/home/runner/work/exp-resistance-diode-iitb/exp-resistance-diode-iitb/experiment/simulation/js/pannel.js
    8:7  warning  'Pannel' is defined but never used  no-unused-vars
  152:7  warning  'Table2' is defined but never used  no-unused-vars

/home/runner/work/exp-resistance-diode-iitb/exp-resistance-diode-iitb/experiment/simulation/js/scene.js
   1:7    warning  'Scene' is defined but never used         no-unused-vars
  11:9    warning  'context' is not defined                  no-undef
  11:33   warning  'canvas' is not defined                   no-undef
  11:47   warning  'canvas' is not defined                   no-undef
  27:5    warning  'context' is not defined                  no-undef
  28:9    warning  'grd' is assigned a value but never used  no-unused-vars
  28:15   warning  'context' is not defined                  no-undef
  28:44   warning  'canvas' is not defined                   no-undef
  28:62   warning  'canvas' is not defined                   no-undef
  28:84   warning  'canvas' is not defined                   no-undef
  28:102  warning  'canvas' is not defined                   no-undef
  28:121  warning  'canvas' is not defined                   no-undef
  36:5    warning  'context' is not defined                  no-undef
  37:5    warning  'context' is not defined                  no-undef
  37:28   warning  'canvas' is not defined                   no-undef
  37:42   warning  'canvas' is not defined                   no-undef
  38:5    warning  'context' is not defined                  no-undef
  39:5    warning  'context' is not defined                  no-undef

✖ 463 problems (0 errors, 463 warnings)

